C:\Octave\Octave-5.1.0.0\usr\bin\make.exe all --print-data-base --no-builtin-variables --no-builtin-rules --question
# GNU Make 4.2.1
# Built for x86_64-pc-msys
 
# Copyright (C) 1988-2016 Free Software Foundation, Inc.
# License GPLv3+: GNU GPL version 3 or later <http://gnu.org/licenses/gpl.html>
# This is free software: you are free to change and redistribute it.
# There is NO WARRANTY, to the extent permitted by law.
 

# Make data base, printed on Wed Apr 14 10:12:15 2021

# Variables
 

# 'override' directive
GNUMAKEFLAGS := 
# automatic
<D = $(patsubst %/,%,$(dir $<))
# automatic
?F = $(notdir $?)
# default
.SHELLFLAGS := -c
# makefile
MAKEFLAGS = pqrR
# environment
VSCODE_LOG_NATIVE = false
# automatic
?D = $(patsubst %/,%,$(dir $?))
# automatic
@D = $(patsubst %/,%,$(dir $@))
# environment
HOMEDRIVE = C:
# automatic
@F = $(notdir $@)
# automatic
^D = $(patsubst %/,%,$(dir $^))
# makefile
CURDIR := /c/Users/Alessandro Varriale/Desktop/my_projects/Oriented_data_course/course1/image-transform-given-files_20190225
# default
SHELL := /bin/sh
# environment
ProgramFiles(x86) = C:\Program Files (x86)
# environment
WINDIR = C:\WINDOWS
# environment
VSCODE_NLS_CONFIG = {"locale":"it","availableLanguages":{},"_languagePackSupport":true}
# environment
PATHEXT = .COM;.EXE;.BAT;.CMD;.VBS;.VBE;.JS;.JSE;.WSF;.WSH;.MSC
# makefile (from 'uiuc/make/uiuc.mk', line 1)
MAKEFILE_LIST :=  Makefile uiuc/make/uiuc.mk
# environment
VSCODE_NODE_CACHED_DATA_DIR = C:\Users\Alessandro Varriale\AppData\Roaming\Code\CachedData\08a217c4d27a02a5bcde898fd7981bda5b49391b
# makefile (from 'uiuc/make/uiuc.mk', line 21)
CXX_GNU = g++
# environment
RegionCode = EMEA
# environment
TMP = /c/Users/ALESSA~1/AppData/Local/Temp
# environment
OnlineServices = Online Services
# makefile (from 'uiuc/make/uiuc.mk', line 31)
CXXFLAGS = $(CS400) $(STDVERSION) $(STDLIBVERSION) -g -O0 $(WARNINGS) -MMD -MP -msse2 -c
# makefile (from 'uiuc/make/uiuc.mk', line 16)
CPP_TEST = $(wildcard tests/*.cpp) uiuc/catch/catchmain.cpp
# environment
VSCODE_VERBOSE_LOGGING = true
# environment
CommonProgramFiles(x86) = C:\Program Files (x86)\Common Files
# makefile (from 'uiuc/make/uiuc.mk', line 29)
STDLIBVERSION = $(STDLIBVERSION_GNU)
# environment
VSCODE_IPC_HOOK_EXTHOST = \\.\pipe\vscode-ipc-91c47641-99d5-499e-8a86-3d748b8053ae-sock
# environment
platformcode = AN
# environment
VSCODE_CWD = C:\Users\Alessandro Varriale\AppData\Local\Programs\Microsoft VS Code
# default
MAKE_HOST := x86_64-pc-msys
# environment
PATH = /c/Program Files (x86)/Common Files/Oracle/Java/javapath:/c/Program Files (x86)/Intel/iCLS Client:/c/Program Files/Intel/iCLS Client:/c/WINDOWS/system32:/c/WINDOWS:/c/WINDOWS/System32/Wbem:/c/WINDOWS/System32/WindowsPowerShell/v1.0:/c/Program Files (x86)/Intel/Intel(R) Management Engine Components/DAL:/c/Program Files/Intel/Intel(R) Management Engine Components/DAL:/c/Program Files (x86)/Intel/Intel(R) Management Engine Components/IPT:/c/Program Files/Intel/Intel(R) Management Engine Components/IPT:/c/Program Files (x86)/Novell/GroupWise:/c/WINDOWS/System32/OpenSSH:/c/Users/rizzog/maven361/bin:/c/Program Files/Java/jdk1.8.0_212:/c/Program Files/Intel/WiFi/bin:/c/Program Files/Common Files/Intel/WirelessCommon:/c/Program Files/PuTTY:/c/Program Files/Git/cmd:/c/Users/Alessandro Varriale/AppData/Local/Microsoft/WindowsApps:/c/Users/Alessandro Varriale/AppData/Local/Programs/Microsoft VS Code/bin:/c/Program Files (x86)/mingw-w64/i686-8.1.0-posix-dwarf-rt_v6-rev0/mingw32/bin:/usr/bin:/c/Program Files/Git/cmd
# makefile (from 'uiuc/make/uiuc.mk', line 24)
LD = $(CXX_WHICH)
# environment
PROCESSOR_ARCHITECTURE = AMD64
# environment
USERPROFILE = C:\Users\Alessandro Varriale
# environment
DEFLOGDIR = C:\ProgramData\McAfee\Endpoint Security\Logs
# environment
!C: = c:\Users\Alessandro Varriale\Desktop\my_projects\Oriented_data_course\course1\image-transform-given-files_20190225
# environment
ALLUSERSPROFILE = C:\ProgramData
# makefile (from 'Makefile', line 6)
EXE_OBJ = main.o
# environment
VSCODE_LOG_STACK = false
# environment
NUMBER_OF_PROCESSORS = 4
# environment
ELECTRON_RUN_AS_NODE = 1
# makefile (from 'uiuc/make/uiuc.mk', line 32)
LDFLAGS = $(CS400) $(STDVERSION) $(STDLIBVERSION) -lpthread
# default
.FEATURES := target-specific order-only second-expansion else-if shortest-stem undefine oneshell archives jobserver output-sync check-symlink load
# environment
ProgramW6432 = C:\Program Files
# automatic
%F = $(notdir $%)
# environment
CHROME_CRASHPAD_PIPE_NAME = \\.\pipe\crashpad_9436_CROHVTEBYEAZFMYM
# environment
VSCODE_PIPE_LOGGING = true
# environment
COMPUTERNAME = SMOL246
# environment
PROGRAMFILES = C:\Program Files
# default
.LOADED := 
# makefile (from 'uiuc/make/uiuc.mk', line 4)
ZIP_FILE = ImageTransform_submission.zip
# makefile (from 'uiuc/make/uiuc.mk', line 33)
ASANFLAGS = -fsanitize=address -fno-omit-frame-pointer
# environment
ORIGINAL_XDG_CURRENT_DESKTOP = undefined
# makefile (from 'uiuc/make/uiuc.mk', line 20)
CXX_CLANG = clang++
# environment
USERNAME = Alessandro Varriale
# environment
PUBLIC = C:\Users\Public
# environment
VSCODE_AMD_ENTRYPOINT = vs/workbench/services/extensions/node/extensionHostProcess
# environment
HOME = /home/Alessandro Varriale
# environment
CommonProgramW6432 = C:\Program Files\Common Files
# environment
ProgramData = C:\ProgramData
# environment
APPLICATION_INSIGHTS_NO_DIAGNOSTIC_CHANNEL = true
# environment
COMMONPROGRAMFILES = C:\Program Files\Common Files
# environment
LOGONSERVER = \\SMOL246
# makefile (from 'uiuc/make/uiuc.mk', line 28)
STDLIBVERSION_GNU = 
# environment
VSCODE_HANDLES_UNCAUGHT_ERRORS = true
# environment
USERDOMAIN = SMOL246
# makefile (from 'Makefile', line 3)
TEST = test
# environment
MAKELEVEL := 0
# default
MAKE = $(MAKE_COMMAND)
# default
MAKECMDGOALS := all
# makefile (from 'uiuc/make/uiuc.mk', line 5)
COLLECTED_FILES = uiuc/HSLAPixel.h uiuc/HSLAPixel.cpp ImageTransform.h ImageTransform.cpp
# environment
JAVA_HOME = C:\Program Files\Java\jdk1.8.0_212
# default
MAKE_VERSION := 4.2.1
 
# makefile
.DEFAULT_GOAL := ImageTransform
# environment
OneDrive = C:\Users\Alessandro Varriale\OneDrive
# automatic
%D = $(patsubst %/,%,$(dir $%))
# environment
DriverData = C:\Windows\System32\Drivers\DriverData
# environment
LOCALAPPDATA = C:\Users\Alessandro Varriale\AppData\Local
# default
MAKE_COMMAND := /usr/bin/make
# default
.VARIABLES := 
# automatic
*F = $(notdir $*)
# environment
PROCESSOR_IDENTIFIER = Intel64 Family 6 Model 142 Stepping 9, GenuineIntel
# environment
OS = Windows_NT
# environment
VSCODE_IPC_HOOK = \\.\pipe\1c4abeaf7e9b2e2b3d0a40b68e5ef6a9-1.55.1-main-sock
# environment
HOMEPATH = \Users\Alessandro Varriale
# environment
PROMPT = $P$G
# environment
MFLAGS = -pqrR
# automatic
*D = $(patsubst %/,%,$(dir $*))
# environment
PSModulePath = C:\Program Files\WindowsPowerShell\Modules;C:\WINDOWS\system32\WindowsPowerShell\v1.0\Modules
# environment
SYSTEMROOT = C:\WINDOWS
# makefile (from 'uiuc/make/uiuc.mk', line 11)
OBJS_DIR = .objs
# automatic
+D = $(patsubst %/,%,$(dir $+))
# automatic
+F = $(notdir $+)
# makefile (from 'uiuc/make/uiuc.mk', line 22)
CXX_WHICH = $(CXX_GNU)
# environment
APPDATA = C:\Users\Alessandro Varriale\AppData\Roaming
# environment
TEMP = /c/Users/ALESSA~1/AppData/Local/Temp
# environment
COMSPEC = C:\WINDOWS\system32\cmd.exe
# makefile (from 'uiuc/make/uiuc.mk', line 26)
STDVERSION = -std=c++14 
# default
MAKEFILES := 
# makefile (from 'uiuc/make/uiuc.mk', line 30)
WARNINGS = -pedantic -Wall -Wfatal-errors -Wextra -Wno-unused-parameter -Wno-unused-variable
# automatic
<F = $(notdir $<)
# makefile (from 'uiuc/make/uiuc.mk', line 27)
STDLIBVERSION_CLANG = -stdlib=libc++ 
# makefile (from 'uiuc/make/uiuc.mk', line 23)
CXX = $(CXX_WHICH)
# automatic
^F = $(notdir $^)
# default
SUFFIXES := 
# environment
SYSTEMDRIVE = C:
# environment
SESSIONNAME = Console
# environment
PROCESSOR_REVISION = 8e09
# makefile (from 'uiuc/make/uiuc.mk', line 17)
OBJS_TEST = $(filter-out $(EXE_OBJ), $(OBJS)) $(CPP_TEST:.cpp=.o)
# default
.INCLUDE_DIRS = /usr/include /usr/include
# default
.RECIPEPREFIX := 
# makefile (from 'Makefile', line 2)
EXE = ImageTransform
# makefile (from 'Makefile', line 10)
CLEAN_RM = out-*.png
# makefile (from 'uiuc/make/uiuc.mk', line 8)
OBJS = main.o ImageTransform.o uiuc/HSLAPixel.o uiuc/PNG.o uiuc/lodepng/lodepng.o
# environment
PROCESSOR_LEVEL = 6
# environment
TERM = cygwin
# environment
VSCODE_PID = 9436
# environment
USERDOMAIN_ROAMINGPROFILE = SMOL246
# variable set hash-table stats:
# Load=120/1024=12%, Rehash=0, Collisions=25/183=14%

# Pattern-specific Variable Values

# No pattern-specific variable values.

# Directories

# .objs/uiuc/catch (device 351649482, inode 10133099161907726): 2 files, no impossibilities.
# .objs/uiuc (device 351649482, inode 248260929458828816): 4 files, no impossibilities.
# . (device 351649482, inode 53761720551829424): 12 files, no impossibilities.
# .objs (device 351649482, inode 25614222880993515): 4 files, no impossibilities.
# .objs/tests (device 351649482, inode 6755399441381969): 2 files, no impossibilities.
# tests (device 351649482, inode 9288674231638045): 4 files, no impossibilities.
# .objs/uiuc/lodepng (device 351649482, inode 8725724278356548): 2 files, no impossibilities.

# 30 files, no impossibilities in 7 directories.

# Implicit Rules

.objs/%.o: %.cpp | .objs
#  recipe to execute (from 'uiuc/make/uiuc.mk', line 55):
	$(CXX) $(CXXFLAGS) $< -o $@

# 1 implicit rules, 0 (0.0%) terminal.

# Files

# Not a target:
.objs/ImageTransform.o:
#  Implicit rule search has not been done.
#  Modification time never checked.
#  File has not been updated.

# Not a target:
.objs/uiuc/HSLAPixel.o:
#  Implicit rule search has not been done.
 
#  Modification time never checked.
#  File has not been updated.

# Not a target:
.objs/*.d:
#  Implicit rule search has been done.
#  File does not exist.
#  File has been updated.
#  Failed to be updated.

.objs/main.o: main.cpp | .objs
#  Implicit rule search has been done.
#  Implicit/static pattern stem: 'main'
#  File does not exist.
#  File has been updated.
#  Needs to be updated (-q is set).
# automatic
# @ := .objs/main.o
# automatic
# % := 
# automatic
# * := main
# automatic
# + := main.cpp
# automatic
# | := .objs
# automatic
# < := main.cpp
# automatic
# ^ := main.cpp
# automatic
# ? := main.cpp
# variable set hash-table stats:
# Load=8/32=25%, Rehash=0, Collisions=3/22=14%
#  recipe to execute (from 'uiuc/make/uiuc.mk', line 55):
	$(CXX) $(CXXFLAGS) $< -o $@

# Not a target:
.objs/tests/part2.o:
#  Implicit rule search has not been done.
#  Modification time never checked.
#  File has not been updated.

all: ImageTransform test
#  Phony target (prerequisite of .PHONY).
#  Command line target.
#  Implicit rule search has not been done.
#  File does not exist.
#  File has been updated.
#  Needs to be updated (-q is set).
# variable set hash-table stats:
# Load=0/32=0%, Rehash=0, Collisions=0/12=0%

.PHONY: all tidy clean zip
#  Implicit rule search has not been done.
#  Modification time never checked.
#  File has not been updated.

zip:
#  Phony target (prerequisite of .PHONY).
#  Implicit rule search has not been done.
#  File does not exist.
#  File has not been updated.
#  recipe to execute (from 'uiuc/make/uiuc.mk', line 82):
	@echo "!!! Preparing submission zip with student code..."
	@echo "!!! Make sure you have already tried compiling and testing your code"
	@echo "!!! thoroughly before submitting the zip on Coursera!"
	@echo ""
	@echo "Removing any previous version of zip file..."
	rm -rf $(ZIP_FILE)
	@echo "Creating new file..."
	zip $(ZIP_FILE) $(COLLECTED_FILES)
	@echo "Created zip file: " $(ZIP_FILE)

# Not a target:
.objs/uiuc/*.d:
#  Implicit rule search has been done.
#  File does not exist.
#  File has been updated.
#  Failed to be updated.

ImageTransform: .objs/main.o .objs/ImageTransform.o .objs/uiuc/HSLAPixel.o .objs/uiuc/PNG.o .objs/uiuc/lodepng/lodepng.o
#  Implicit rule search has not been done.
#  File does not exist.
#  File has been updated.
#  Needs to be updated (-q is set).
# variable set hash-table stats:
# Load=0/32=0%, Rehash=0, Collisions=0/12=0%
#  recipe to execute (from 'uiuc/make/uiuc.mk', line 37):
	$(LD) $^ $(LDFLAGS) -o $@
	@echo ""
	@echo " Built the main executable program file for the project: " $(EXE)
	@echo " (Make sure you try \"make test\" too!)"
	@echo ""

# Not a target:
Makefile:
#  Implicit rule search has been done.
#  Last modified 2019-02-25 04:56:35
#  File has been updated.
#  Successfully updated.

test: .objs/ImageTransform.o .objs/uiuc/HSLAPixel.o .objs/uiuc/PNG.o .objs/uiuc/lodepng/lodepng.o .objs/tests/part2.o .objs/tests/part1.o .objs/uiuc/catch/catchmain.o
#  Implicit rule search has not been done.
#  Modification time never checked.
#  File has not been updated.
#  recipe to execute (from 'uiuc/make/uiuc.mk', line 59):
	$(LD) $^ $(LDFLAGS) -o $@
	@echo ""
	@echo " Built the test suite program: " $(TEST)
	@echo ""

# Not a target:
.objs/uiuc/PNG.o:
#  Implicit rule search has not been done.
#  Modification time never checked.
#  File has not been updated.

.objs:
#  Implicit rule search has not been done.
#  Last modified 2021-04-13 20:42:46.2862796
#  File has been updated.
 
#  Successfully updated.
#  recipe to execute (from 'uiuc/make/uiuc.mk', line 48):
	@mkdir -p $(OBJS_DIR)
 
	@mkdir -p $(OBJS_DIR)/uiuc
	@mkdir -p $(OBJS_DIR)/uiuc/catch
	@mkdir -p $(OBJS_DIR)/uiuc/lodepng
	@mkdir -p $(OBJS_DIR)/tests

# Not a target:
main.cpp:
#  Implicit rule search has been done.
#  Last modified 2019-02-25 04:56:35
#  File has been updated.
#  Successfully updated.

# Not a target:
.objs/uiuc/lodepng/*.d:
#  Implicit rule search has been done.
#  File does not exist.
#  File has been updated.
#  Failed to be updated.

# Not a target:
uiuc/make/uiuc.mk:
#  Implicit rule search has been done.
#  Last modified 2019-02-25 04:56:35
#  File has been updated.
#  Successfully updated.

# Not a target:
.DEFAULT:
#  Implicit rule search has not been done.
#  Modification time never checked.
#  File has not been updated.

clean:
#  Phony target (prerequisite of .PHONY).
#  Implicit rule search has not been done.
#  File does not exist.
#  File has not been updated.
#  recipe to execute (from 'uiuc/make/uiuc.mk', line 76):
	rm -rf $(EXE) $(TEST) $(OBJS_DIR) $(CLEAN_RM) $(ZIP_FILE)

# Not a target:
.objs/uiuc/catch/catchmain.o:
#  Implicit rule search has not been done.
#  Modification time never checked.
#  File has not been updated.

tidy: clean
#  Phony target (prerequisite of .PHONY).
#  Implicit rule search has not been done.
#  File does not exist.
#  File has not been updated.
#  recipe to execute (from 'uiuc/make/uiuc.mk', line 79):
	rm -rf doc

# Not a target:
.objs/tests/part1.o:
#  Implicit rule search has not been done.
#  Modification time never checked.
#  File has not been updated.

# Not a target:
.objs/tests/*.d:
#  Implicit rule search has been done.
#  File does not exist.
#  File has been updated.
#  Failed to be updated.

# Not a target:
.objs/uiuc/lodepng/lodepng.o:
#  Implicit rule search has not been done.
#  Modification time never checked.
#  File has not been updated.

# Not a target:
.objs/uiuc/catch/*.d:
#  Implicit rule search has been done.
#  File does not exist.
#  File has been updated.
#  Failed to be updated.

# files hash-table stats:
# Load=26/1024=3%, Rehash=0, Collisions=2/70=3%
# VPATH Search Paths

# No 'vpath' search paths.

# No general ('VPATH' variable) search path.

 
# strcache buffers: 1 (0) / strings = 47 / storage = 574 B / avg = 12 B
# current buf: size = 8162 B / used = 574 B / count = 47 / avg = 12 B

# strcache performance: lookups = 103 / hit rate = 54%
# hash-table stats:
# Load=47/8192=1%, Rehash=0, Collisions=7/103=7%
# Finished Make data base on Wed Apr 14 10:12:15 2021

 
